<?xml version="1.0" encoding="UTF-8"?>
<testsuite xmlns:xsi="http://www.w3.org/2001/XMLSchema-instance" xsi:noNamespaceSchemaLocation="https://maven.apache.org/surefire/maven-surefire-plugin/xsd/surefire-test-report-3.0.xsd" version="3.0" name="com.upimesh.invoice.service.InvoiceServiceTest" time="2.291" tests="5" errors="0" skipped="0" failures="0">
  <properties>
[...]
</properties>
  <testcase name="testCheckOverdueInvoices" classname="com.upimesh.invoice.service.InvoiceServiceTest" time="2.117">
    <system-out><![CDATA[10:45:43.136 [main] INFO com.upimesh.invoice.service.InvoiceService -- Checking for overdue invoices past date: 2026-09-10
10:45:43.155 [main] INFO com.upimesh.invoice.service.InvoiceService -- Found 1 invoices to mark as OVERDUE
10:45:43.158 [main] INFO com.upimesh.invoice.service.InvoiceService -- Invoice INV/2026/000001 marked as OVERDUE
]]></system-out>
  </testcase>
  <testcase name="testCreateInvoice_Success" classname="com.upimesh.invoice.service.InvoiceServiceTest" time="0.051">
    <system-out><![CDATA[10:45:43.253 [main] INFO com.upimesh.invoice.service.InvoiceService -- Creating invoice for merchant: merchant@upimesh to customer: customer@upimesh
10:45:43.270 [main] INFO com.upimesh.invoice.service.InvoiceService -- Invoice created successfully with ID: INV8F6D5C7917854FC and number: INV/2026/000001
]]></system-out>
  </testcase>
  <testcase name="testMarkAsPaid" classname="com.upimesh.invoice.service.InvoiceServiceTest" time="0.013">
    <system-out><![CDATA[10:45:43.296 [main] INFO com.upimesh.invoice.service.InvoiceService -- Marking invoice: INV123 as PAID | TxnId: TXN999
]]></system-out>
  </testcase>
  <testcase name="testGenerateInvoicePdf" classname="com.upimesh.invoice.service.InvoiceServiceTest" time="0.021">
    <system-out><![CDATA[10:45:43.316 [main] INFO com.upimesh.invoice.service.InvoiceService -- Fetching PDF for invoice ID: INV123
]]></system-out>
  </testcase>
  <testcase name="testSendInvoice" classname="com.upimesh.invoice.service.InvoiceServiceTest" time="0.013">
    <system-out><![CDATA[10:45:43.334 [main] INFO com.upimesh.invoice.service.InvoiceService -- Sending invoice with ID: INV123
]]></system-out>
  </testcase>
</testsuite>