-------------------------------------------------------------------------------
Test set: com.upimesh.risk.service.RiskScoringServiceTest
-------------------------------------------------------------------------------
Tests run: 6, Failures: 1, Errors: 0, Skipped: 0, Time elapsed: 2.869 s <<< FAILURE! -- in com.upimesh.risk.service.RiskScoringServiceTest
com.upimesh.risk.service.RiskScoringServiceTest.testNewDeviceBoostTriggered -- Time elapsed: 0.031 s <<< FAILURE!
org.opentest4j.AssertionFailedError: expected: <0.3> but was: <0.30000000000000004>
	at org.junit.jupiter.api.AssertionFailureBuilder.build(AssertionFailureBuilder.java:151)
	at org.junit.jupiter.api.AssertionFailureBuilder.buildAndThrow(AssertionFailureBuilder.java:132)
	at org.junit.jupiter.api.AssertEquals.failNotEqual(AssertEquals.java:197)
	at org.junit.jupiter.api.AssertEquals.assertEquals(AssertEquals.java:70)
	at org.junit.jupiter.api.AssertEquals.assertEquals(AssertEquals.java:65)
	at org.junit.jupiter.api.Assertions.assertEquals(Assertions.java:889)
	at com.upimesh.risk.service.RiskScoringServiceTest.testNewDeviceBoostTriggered(RiskScoringServiceTest.java:118)
	at java.base/java.lang.reflect.Method.invoke(Method.java:569)
	at java.base/java.util.ArrayList.forEach(ArrayList.java:1511)
	at java.base/java.util.ArrayList.forEach(ArrayList.java:1511)

