-------------------------------------------------------------------------------
Test set: com.upimesh.loan.service.LoanServiceTest
-------------------------------------------------------------------------------
Tests run: 11, Failures: 0, Errors: 1, Skipped: 0, Time elapsed: 3.552 s <<< FAILURE! -- in com.upimesh.loan.service.LoanServiceTest
com.upimesh.loan.service.LoanServiceTest.testDisburseLoan_Success -- Time elapsed: 0.127 s <<< ERROR!
java.lang.RuntimeException: 
Failed to disburse loan via NPCI: 
Strict stubbing argument mismatch. Please check:
 - this invocation of 'initiateTransaction' method:
    npciServiceClient.initiateTransaction(
    null,
    InitiateTransactionRequest(senderUpiId=lending@upimesh, receiverUpiId=user123@upimesh, amount=9800.0, remarks=Loan Disburse APP123, type=P2P, deviceId=LendingServiceServer, ipAddress=127.0.0.1, mpinHash=lending-service-mpin-hash, idempotencyKey=DISB-APP123)
);
    -> at com.upimesh.loan.service.LoanService.disburseLoan(LoanService.java:159)
 - has following stubbing(s) with different arguments:
    1. npciServiceClient.initiateTransaction(
    "",
    null
);
      -> at com.upimesh.loan.service.LoanServiceTest.testDisburseLoan_Success(LoanServiceTest.java:249)
Typically, stubbing argument mismatch indicates user mistake when writing tests.
Mockito fails early so that you can debug potential problem easily.
However, there are legit scenarios when this exception generates false negative signal:
  - stubbing the same method multiple times using 'given().will()' or 'when().then()' API
    Please use 'will().given()' or 'doReturn().when()' API for stubbing.
  - stubbed method is intentionally invoked with different arguments by code under test
    Please use default or 'silent' JUnit Rule (equivalent of Strictness.LENIENT).
For more information see javadoc for PotentialStubbingProblem class.
	at com.upimesh.loan.service.LoanService.disburseLoan(LoanService.java:182)
	at com.upimesh.loan.service.LoanServiceTest.testDisburseLoan_Success(LoanServiceTest.java:252)
	at java.base/java.lang.reflect.Method.invoke(Method.java:569)
	at java.base/java.util.ArrayList.forEach(ArrayList.java:1511)
	at java.base/java.util.ArrayList.forEach(ArrayList.java:1511)
Caused by: org.mockito.exceptions.misusing.PotentialStubbingProblem: 
Strict stubbing argument mismatch. Please check:
 - this invocation of 'initiateTransaction' method:
    npciServiceClient.initiateTransaction(
    null,
    InitiateTransactionRequest(senderUpiId=lending@upimesh, receiverUpiId=user123@upimesh, amount=9800.0, remarks=Loan Disburse APP123, type=P2P, deviceId=LendingServiceServer, ipAddress=127.0.0.1, mpinHash=lending-service-mpin-hash, idempotencyKey=DISB-APP123)
);
    -> at com.upimesh.loan.service.LoanService.disburseLoan(LoanService.java:159)
 - has following stubbing(s) with different arguments:
    1. npciServiceClient.initiateTransaction(
    "",
    null
);
      -> at com.upimesh.loan.service.LoanServiceTest.testDisburseLoan_Success(LoanServiceTest.java:249)
Typically, stubbing argument mismatch indicates user mistake when writing tests.
Mockito fails early so that you can debug potential problem easily.
However, there are legit scenarios when this exception generates false negative signal:
  - stubbing the same method multiple times using 'given().will()' or 'when().then()' API
    Please use 'will().given()' or 'doReturn().when()' API for stubbing.
  - stubbed method is intentionally invoked with different arguments by code under test
    Please use default or 'silent' JUnit Rule (equivalent of Strictness.LENIENT).
For more information see javadoc for PotentialStubbingProblem class.
	at com.upimesh.loan.service.LoanService.disburseLoan(LoanService.java:159)
	... 4 more

