<?xml version="1.0" encoding="UTF-8"?>
<testsuite xmlns:xsi="http://www.w3.org/2001/XMLSchema-instance" xsi:noNamespaceSchemaLocation="https://maven.apache.org/surefire/maven-surefire-plugin/xsd/surefire-test-report-3.0.xsd" version="3.0" name="com.upimesh.loan.service.LoanServiceTest" time="4.026" tests="11" errors="0" skipped="0" failures="0">
  <properties>
[...]
</properties>
  <testcase name="testCreditDecision_LowCreditScore" classname="com.upimesh.loan.service.LoanServiceTest" time="3.62">
    <system-out><![CDATA[13:04:52.335 [main] INFO com.upimesh.loan.service.CreditScoringService -- Evaluating credit decision for score: 600 and requested amount: ?10000.0
]]></system-out>
  </testcase>
  <testcase name="testEmiCalculation_StandardFormula" classname="com.upimesh.loan.service.LoanServiceTest" time="0.014"/>
  <testcase name="testEmiCalculation_InterestFree" classname="com.upimesh.loan.service.LoanServiceTest" time="0.008"/>
  <testcase name="testCheckOverdueEmis_AccruesPenaltyAndDefaults" classname="com.upimesh.loan.service.LoanServiceTest" time="0.111">
    <system-out><![CDATA[13:04:52.554 [main] INFO com.upimesh.loan.service.LoanService -- Scheduled task running: checking overdue EMIs
13:04:52.561 [main] INFO com.upimesh.loan.service.LoanService -- Repayment REP888 marked as OVERDUE.
13:04:52.573 [main] WARN com.upimesh.loan.service.LoanService -- Loan application APP123 marked as DEFAULTED due to 90+ days overdue repayment.
]]></system-out>
  </testcase>
  <testcase name="testRepaymentScheduleGeneration" classname="com.upimesh.loan.service.LoanServiceTest" time="0.017">
    <system-out><![CDATA[13:04:52.587 [main] INFO com.upimesh.loan.service.EmiCalculationService -- Generating repayment schedule for application: APP123
]]></system-out>
  </testcase>
  <testcase name="testProcessEmiRepayment_MarksPaidAndCloses" classname="com.upimesh.loan.service.LoanServiceTest" time="0.043">
    <system-out><![CDATA[13:04:52.608 [main] INFO com.upimesh.loan.service.LoanService -- Processing repayment for loan: APP123 | EMI #: 1 | Txn: TXN777
13:04:52.617 [main] INFO com.upimesh.loan.service.LoanService -- All EMIs paid. Loan application APP123 is now CLOSED.
]]></system-out>
  </testcase>
  <testcase name="testApplyForLoan_Rejected" classname="com.upimesh.loan.service.LoanServiceTest" time="0.019">
    <system-out><![CDATA[13:04:52.655 [main] INFO com.upimesh.loan.service.LoanService -- Processing loan application for user: user123 | type: PERSONAL_12MONTH | amount: ?10000.0
13:04:52.658 [main] WARN com.upimesh.loan.service.LoanService -- Loan application rejected for user: user123 due to low credit score: 600
]]></system-out>
  </testcase>
  <testcase name="testDisburseLoan_Success" classname="com.upimesh.loan.service.LoanServiceTest" time="0.034">
    <system-out><![CDATA[13:04:52.681 [main] INFO com.upimesh.loan.service.LoanService -- Disbursing loan for application: APP123
13:04:52.689 [main] INFO com.upimesh.loan.service.LoanService -- Loan disbursed successfully for application: APP123. Transaction ID: TXN555
]]></system-out>
  </testcase>
  <testcase name="testApplyForLoan_Approved" classname="com.upimesh.loan.service.LoanServiceTest" time="0.026">
    <system-out><![CDATA[13:04:52.709 [main] INFO com.upimesh.loan.service.LoanService -- Processing loan application for user: user123 | type: PERSONAL_12MONTH | amount: ?10000.0
13:04:52.720 [main] INFO com.upimesh.loan.service.EmiCalculationService -- Generating repayment schedule for application: APPB73F32D584B0489
13:04:52.723 [main] INFO com.upimesh.loan.service.LoanService -- Loan application approved. ID: APPB73F32D584B0489 | Approved Amount: ?10000.0 | Monthly EMI: ?888.49
]]></system-out>
  </testcase>
  <testcase name="testCreditDecision_MediumCreditScore" classname="com.upimesh.loan.service.LoanServiceTest" time="0.01">
    <system-out><![CDATA[13:04:52.733 [main] INFO com.upimesh.loan.service.CreditScoringService -- Evaluating credit decision for score: 700 and requested amount: ?10000.0
]]></system-out>
  </testcase>
  <testcase name="testCreditDecision_HighCreditScore" classname="com.upimesh.loan.service.LoanServiceTest" time="0.007">
    <system-out><![CDATA[13:04:52.744 [main] INFO com.upimesh.loan.service.CreditScoringService -- Evaluating credit decision for score: 800 and requested amount: ?10000.0
]]></system-out>
  </testcase>
</testsuite>