<?xml version="1.0" encoding="UTF-8"?>
<testsuite xmlns:xsi="http://www.w3.org/2001/XMLSchema-instance" xsi:noNamespaceSchemaLocation="https://maven.apache.org/surefire/maven-surefire-plugin/xsd/surefire-test-report-3.0.xsd" version="3.0" name="com.upimesh.loan.service.LoanServiceTest" time="3.552" tests="11" errors="1" skipped="0" failures="0">
  <properties>
[...]
</properties>
  <testcase name="testCreditDecision_LowCreditScore" classname="com.upimesh.loan.service.LoanServiceTest" time="3.011">
    <system-out><![CDATA[23:36:21.598 [main] INFO com.upimesh.loan.service.CreditScoringService -- Evaluating credit decision for score: 600 and requested amount: ?10000.0
]]></system-out>
  </testcase>
  <testcase name="testEmiCalculation_StandardFormula" classname="com.upimesh.loan.service.LoanServiceTest" time="0.011"/>
  <testcase name="testEmiCalculation_InterestFree" classname="com.upimesh.loan.service.LoanServiceTest" time="0.008"/>
  <testcase name="testCheckOverdueEmis_AccruesPenaltyAndDefaults" classname="com.upimesh.loan.service.LoanServiceTest" time="0.114">
    <system-out><![CDATA[23:36:21.827 [main] INFO com.upimesh.loan.service.LoanService -- Scheduled task running: checking overdue EMIs
23:36:21.836 [main] INFO com.upimesh.loan.service.LoanService -- Repayment REP888 marked as OVERDUE.
23:36:21.850 [main] WARN com.upimesh.loan.service.LoanService -- Loan application APP123 marked as DEFAULTED due to 90+ days overdue repayment.
]]></system-out>
  </testcase>
  <testcase name="testRepaymentScheduleGeneration" classname="com.upimesh.loan.service.LoanServiceTest" time="0.026">
    <system-out><![CDATA[23:36:21.870 [main] INFO com.upimesh.loan.service.EmiCalculationService -- Generating repayment schedule for application: APP123
]]></system-out>
  </testcase>
  <testcase name="testProcessEmiRepayment_MarksPaidAndCloses" classname="com.upimesh.loan.service.LoanServiceTest" time="0.045">
    <system-out><![CDATA[23:36:21.899 [main] INFO com.upimesh.loan.service.LoanService -- Processing repayment for loan: APP123 | EMI #: 1 | Txn: TXN777
23:36:21.906 [main] INFO com.upimesh.loan.service.LoanService -- All EMIs paid. Loan application APP123 is now CLOSED.
]]></system-out>
  </testcase>
  <testcase name="testApplyForLoan_Rejected" classname="com.upimesh.loan.service.LoanServiceTest" time="0.019">
    <system-out><![CDATA[23:36:21.945 [main] INFO com.upimesh.loan.service.LoanService -- Processing loan application for user: user123 | type: PERSONAL_12MONTH | amount: ?10000.0
23:36:21.947 [main] WARN com.upimesh.loan.service.LoanService -- Loan application rejected for user: user123 due to low credit score: 600
]]></system-out>
  </testcase>
  <testcase name="testDisburseLoan_Success" classname="com.upimesh.loan.service.LoanServiceTest" time="0.127">
    <error message="Failed to disburse loan via NPCI: &#10;Strict stubbing argument mismatch. Please check:&#10; - this invocation of &apos;initiateTransaction&apos; method:&#10;    npciServiceClient.initiateTransaction(&#10;    null,&#10;    InitiateTransactionRequest(senderUpiId=lending@upimesh, receiverUpiId=user123@upimesh, amount=9800.0, remarks=Loan Disburse APP123, type=P2P, deviceId=LendingServiceServer, ipAddress=127.0.0.1, mpinHash=lending-service-mpin-hash, idempotencyKey=DISB-APP123)&#10;);&#10;    -&gt; at com.upimesh.loan.service.LoanService.disburseLoan(LoanService.java:159)&#10; - has following stubbing(s) with different arguments:&#10;    1. npciServiceClient.initiateTransaction(&#10;    &quot;&quot;,&#10;    null&#10;);&#10;      -&gt; at com.upimesh.loan.service.LoanServiceTest.testDisburseLoan_Success(LoanServiceTest.java:249)&#10;Typically, stubbing argument mismatch indicates user mistake when writing tests.&#10;Mockito fails early so that you can debug potential problem easily.&#10;However, there are legit scenarios when this exception generates false negative signal:&#10;  - stubbing the same method multiple times using &apos;given().will()&apos; or &apos;when().then()&apos; API&#10;    Please use &apos;will().given()&apos; or &apos;doReturn().when()&apos; API for stubbing.&#10;  - stubbed method is intentionally invoked with different arguments by code under test&#10;    Please use default or &apos;silent&apos; JUnit Rule (equivalent of Strictness.LENIENT).&#10;For more information see javadoc for PotentialStubbingProblem class." type="java.lang.RuntimeException"><![CDATA[java.lang.RuntimeException: 
Failed to disburse loan via NPCI: 
Strict stubbing argument mismatch. Please check:
 - this invocation of 'initiateTransaction' method:
    npciServiceClient.initiateTransaction(
    null,
    InitiateTransactionRequest(senderUpiId=lending@upimesh, receiverUpiId=user123@upimesh, amount=9800.0, remarks=Loan Disburse APP123, type=P2P, deviceId=LendingServiceServer, ipAddress=127.0.0.1, mpinHash=lending-service-mpin-hash, idempotencyKey=DISB-APP123)
);
    -> at com.upimesh.loan.service.LoanService.disburseLoan(LoanService.java:159)
 - has following stubbing(s) with different arguments:
    1. npciServiceClient.initiateTransaction(
    "",
    null
);
      -> at com.upimesh.loan.service.LoanServiceTest.testDisburseLoan_Success(LoanServiceTest.java:249)
Typically, stubbing argument mismatch indicates user mistake when writing tests.
Mockito fails early so that you can debug potential problem easily.
However, there are legit scenarios when this exception generates false negative signal:
  - stubbing the same method multiple times using 'given().will()' or 'when().then()' API
    Please use 'will().given()' or 'doReturn().when()' API for stubbing.
  - stubbed method is intentionally invoked with different arguments by code under test
    Please use default or 'silent' JUnit Rule (equivalent of Strictness.LENIENT).
For more information see javadoc for PotentialStubbingProblem class.
	at com.upimesh.loan.service.LoanService.disburseLoan(LoanService.java:182)
	at com.upimesh.loan.service.LoanServiceTest.testDisburseLoan_Success(LoanServiceTest.java:252)
	at java.base/java.lang.reflect.Method.invoke(Method.java:569)
	at java.base/java.util.ArrayList.forEach(ArrayList.java:1511)
	at java.base/java.util.ArrayList.forEach(ArrayList.java:1511)
Caused by: org.mockito.exceptions.misusing.PotentialStubbingProblem: 
Strict stubbing argument mismatch. Please check:
 - this invocation of 'initiateTransaction' method:
    npciServiceClient.initiateTransaction(
    null,
    InitiateTransactionRequest(senderUpiId=lending@upimesh, receiverUpiId=user123@upimesh, amount=9800.0, remarks=Loan Disburse APP123, type=P2P, deviceId=LendingServiceServer, ipAddress=127.0.0.1, mpinHash=lending-service-mpin-hash, idempotencyKey=DISB-APP123)
);
    -> at com.upimesh.loan.service.LoanService.disburseLoan(LoanService.java:159)
 - has following stubbing(s) with different arguments:
    1. npciServiceClient.initiateTransaction(
    "",
    null
);
      -> at com.upimesh.loan.service.LoanServiceTest.testDisburseLoan_Success(LoanServiceTest.java:249)
Typically, stubbing argument mismatch indicates user mistake when writing tests.
Mockito fails early so that you can debug potential problem easily.
However, there are legit scenarios when this exception generates false negative signal:
  - stubbing the same method multiple times using 'given().will()' or 'when().then()' API
    Please use 'will().given()' or 'doReturn().when()' API for stubbing.
  - stubbed method is intentionally invoked with different arguments by code under test
    Please use default or 'silent' JUnit Rule (equivalent of Strictness.LENIENT).
For more information see javadoc for PotentialStubbingProblem class.
	at com.upimesh.loan.service.LoanService.disburseLoan(LoanService.java:159)
	... 4 more
]]></error>
    <system-out><![CDATA[23:36:21.967 [main] INFO com.upimesh.loan.service.LoanService -- Disbursing loan for application: APP123
23:36:22.051 [main] ERROR com.upimesh.loan.service.LoanService -- Exception during loan disbursement for application: APP123
org.mockito.exceptions.misusing.PotentialStubbingProblem: 
Strict stubbing argument mismatch. Please check:
 - this invocation of 'initiateTransaction' method:
    npciServiceClient.initiateTransaction(
    null,
    InitiateTransactionRequest(senderUpiId=lending@upimesh, receiverUpiId=user123@upimesh, amount=9800.0, remarks=Loan Disburse APP123, type=P2P, deviceId=LendingServiceServer, ipAddress=127.0.0.1, mpinHash=lending-service-mpin-hash, idempotencyKey=DISB-APP123)
);
    -> at com.upimesh.loan.service.LoanService.disburseLoan(LoanService.java:159)
 - has following stubbing(s) with different arguments:
    1. npciServiceClient.initiateTransaction(
    "",
    null
);
      -> at com.upimesh.loan.service.LoanServiceTest.testDisburseLoan_Success(LoanServiceTest.java:249)
Typically, stubbing argument mismatch indicates user mistake when writing tests.
Mockito fails early so that you can debug potential problem easily.
However, there are legit scenarios when this exception generates false negative signal:
  - stubbing the same method multiple times using 'given().will()' or 'when().then()' API
    Please use 'will().given()' or 'doReturn().when()' API for stubbing.
  - stubbed method is intentionally invoked with different arguments by code under test
    Please use default or 'silent' JUnit Rule (equivalent of Strictness.LENIENT).
For more information see javadoc for PotentialStubbingProblem class.
	at com.upimesh.loan.service.LoanService.disburseLoan(LoanService.java:159)
	at com.upimesh.loan.service.LoanServiceTest.testDisburseLoan_Success(LoanServiceTest.java:252)
	at java.base/jdk.internal.reflect.NativeMethodAccessorImpl.invoke0(Native Method)
	at java.base/jdk.internal.reflect.NativeMethodAccessorImpl.invoke(NativeMethodAccessorImpl.java:77)
	at java.base/jdk.internal.reflect.DelegatingMethodAccessorImpl.invoke(DelegatingMethodAccessorImpl.java:43)
	at java.base/java.lang.reflect.Method.invoke(Method.java:569)
	at org.junit.platform.commons.util.ReflectionUtils.invokeMethod(ReflectionUtils.java:728)
	at org.junit.jupiter.engine.execution.MethodInvocation.proceed(MethodInvocation.java:60)
	at org.junit.jupiter.engine.execution.InvocationInterceptorChain$ValidatingInvocation.proceed(InvocationInterceptorChain.java:131)
	at org.junit.jupiter.engine.extension.TimeoutExtension.intercept(TimeoutExtension.java:156)
	at org.junit.jupiter.engine.extension.TimeoutExtension.interceptTestableMethod(TimeoutExtension.java:147)
	at org.junit.jupiter.engine.extension.TimeoutExtension.interceptTestMethod(TimeoutExtension.java:86)
	at org.junit.jupiter.engine.execution.InterceptingExecutableInvoker$ReflectiveInterceptorCall.lambda$ofVoidMethod$0(InterceptingExecutableInvoker.java:103)
	at org.junit.jupiter.engine.execution.InterceptingExecutableInvoker.lambda$invoke$0(InterceptingExecutableInvoker.java:93)
	at org.junit.jupiter.engine.execution.InvocationInterceptorChain$InterceptedInvocation.proceed(InvocationInterceptorChain.java:106)
	at org.junit.jupiter.engine.execution.InvocationInterceptorChain.proceed(InvocationInterceptorChain.java:64)
	at org.junit.jupiter.engine.execution.InvocationInterceptorChain.chainAndInvoke(InvocationInterceptorChain.java:45)
	at org.junit.jupiter.engine.execution.InvocationInterceptorChain.invoke(InvocationInterceptorChain.java:37)
	at org.junit.jupiter.engine.execution.InterceptingExecutableInvoker.invoke(InterceptingExecutableInvoker.java:92)
	at org.junit.jupiter.engine.execution.InterceptingExecutableInvoker.invoke(InterceptingExecutableInvoker.java:86)
	at org.junit.jupiter.engine.descriptor.TestMethodTestDescriptor.lambda$invokeTestMethod$7(TestMethodTestDescriptor.java:218)
	at org.junit.platform.engine.support.hierarchical.ThrowableCollector.execute(ThrowableCollector.java:73)
	at org.junit.jupiter.engine.descriptor.TestMethodTestDescriptor.invokeTestMethod(TestMethodTestDescriptor.java:214)
	at org.junit.jupiter.engine.descriptor.TestMethodTestDescriptor.execute(TestMethodTestDescriptor.java:139)
	at org.junit.jupiter.engine.descriptor.TestMethodTestDescriptor.execute(TestMethodTestDescriptor.java:69)
	at org.junit.platform.engine.support.hierarchical.NodeTestTask.lambda$executeRecursively$6(NodeTestTask.java:151)
	at org.junit.platform.engine.support.hierarchical.ThrowableCollector.execute(ThrowableCollector.java:73)
	at org.junit.platform.engine.support.hierarchical.NodeTestTask.lambda$executeRecursively$8(NodeTestTask.java:141)
	at org.junit.platform.engine.support.hierarchical.Node.around(Node.java:137)
	at org.junit.platform.engine.support.hierarchical.NodeTestTask.lambda$executeRecursively$9(NodeTestTask.java:139)
	at org.junit.platform.engine.support.hierarchical.ThrowableCollector.execute(ThrowableCollector.java:73)
	at org.junit.platform.engine.support.hierarchical.NodeTestTask.executeRecursively(NodeTestTask.java:138)
	at org.junit.platform.engine.support.hierarchical.NodeTestTask.execute(NodeTestTask.java:95)
	at java.base/java.util.ArrayList.forEach(ArrayList.java:1511)
	at org.junit.platform.engine.support.hierarchical.SameThreadHierarchicalTestExecutorService.invokeAll(SameThreadHierarchicalTestExecutorService.java:41)
	at org.junit.platform.engine.support.hierarchical.NodeTestTask.lambda$executeRecursively$6(NodeTestTask.java:155)
	at org.junit.platform.engine.support.hierarchical.ThrowableCollector.execute(ThrowableCollector.java:73)
	at org.junit.platform.engine.support.hierarchical.NodeTestTask.lambda$executeRecursively$8(NodeTestTask.java:141)
	at org.junit.platform.engine.support.hierarchical.Node.around(Node.java:137)
	at org.junit.platform.engine.support.hierarchical.NodeTestTask.lambda$executeRecursively$9(NodeTestTask.java:139)
	at org.junit.platform.engine.support.hierarchical.ThrowableCollector.execute(ThrowableCollector.java:73)
	at org.junit.platform.engine.support.hierarchical.NodeTestTask.executeRecursively(NodeTestTask.java:138)
	at org.junit.platform.engine.support.hierarchical.NodeTestTask.execute(NodeTestTask.java:95)
	at java.base/java.util.ArrayList.forEach(ArrayList.java:1511)
	at org.junit.platform.engine.support.hierarchical.SameThreadHierarchicalTestExecutorService.invokeAll(SameThreadHierarchicalTestExecutorService.java:41)
	at org.junit.platform.engine.support.hierarchical.NodeTestTask.lambda$executeRecursively$6(NodeTestTask.java:155)
	at org.junit.platform.engine.support.hierarchical.ThrowableCollector.execute(ThrowableCollector.java:73)
	at org.junit.platform.engine.support.hierarchical.NodeTestTask.lambda$executeRecursively$8(NodeTestTask.java:141)
	at org.junit.platform.engine.support.hierarchical.Node.around(Node.java:137)
	at org.junit.platform.engine.support.hierarchical.NodeTestTask.lambda$executeRecursively$9(NodeTestTask.java:139)
	at org.junit.platform.engine.support.hierarchical.ThrowableCollector.execute(ThrowableCollector.java:73)
	at org.junit.platform.engine.support.hierarchical.NodeTestTask.executeRecursively(NodeTestTask.java:138)
	at org.junit.platform.engine.support.hierarchical.NodeTestTask.execute(NodeTestTask.java:95)
	at org.junit.platform.engine.support.hierarchical.SameThreadHierarchicalTestExecutorService.submit(SameThreadHierarchicalTestExecutorService.java:35)
	at org.junit.platform.engine.support.hierarchical.HierarchicalTestExecutor.execute(HierarchicalTestExecutor.java:57)
	at org.junit.platform.engine.support.hierarchical.HierarchicalTestEngine.execute(HierarchicalTestEngine.java:54)
	at org.junit.platform.launcher.core.EngineExecutionOrchestrator.execute(EngineExecutionOrchestrator.java:198)
	at org.junit.platform.launcher.core.EngineExecutionOrchestrator.execute(EngineExecutionOrchestrator.java:169)
	at org.junit.platform.launcher.core.EngineExecutionOrchestrator.execute(EngineExecutionOrchestrator.java:93)
	at org.junit.platform.launcher.core.EngineExecutionOrchestrator.lambda$execute$0(EngineExecutionOrchestrator.java:58)
	at org.junit.platform.launcher.core.EngineExecutionOrchestrator.withInterceptedStreams(EngineExecutionOrchestrator.java:141)
	at org.junit.platform.launcher.core.EngineExecutionOrchestrator.execute(EngineExecutionOrchestrator.java:57)
	at org.junit.platform.launcher.core.DefaultLauncher.execute(DefaultLauncher.java:103)
	at org.junit.platform.launcher.core.DefaultLauncher.execute(DefaultLauncher.java:85)
	at org.junit.platform.launcher.core.DelegatingLauncher.execute(DelegatingLauncher.java:47)
	at org.apache.maven.surefire.junitplatform.LazyLauncher.execute(LazyLauncher.java:56)
	at org.apache.maven.surefire.junitplatform.JUnitPlatformProvider.execute(JUnitPlatformProvider.java:184)
	at org.apache.maven.surefire.junitplatform.JUnitPlatformProvider.invokeAllTests(JUnitPlatformProvider.java:148)
	at org.apache.maven.surefire.junitplatform.JUnitPlatformProvider.invoke(JUnitPlatformProvider.java:122)
	at org.apache.maven.surefire.booter.ForkedBooter.runSuitesInProcess(ForkedBooter.java:385)
	at org.apache.maven.surefire.booter.ForkedBooter.execute(ForkedBooter.java:162)
	at org.apache.maven.surefire.booter.ForkedBooter.run(ForkedBooter.java:507)
	at org.apache.maven.surefire.booter.ForkedBooter.main(ForkedBooter.java:495)
]]></system-out>
  </testcase>
  <testcase name="testApplyForLoan_Approved" classname="com.upimesh.loan.service.LoanServiceTest" time="0.032">
    <system-out><![CDATA[23:36:22.101 [main] INFO com.upimesh.loan.service.LoanService -- Processing loan application for user: user123 | type: PERSONAL_12MONTH | amount: ?10000.0
23:36:22.116 [main] INFO com.upimesh.loan.service.EmiCalculationService -- Generating repayment schedule for application: APPA9073DB7E1BC4B0
23:36:22.119 [main] INFO com.upimesh.loan.service.LoanService -- Loan application approved. ID: APPA9073DB7E1BC4B0 | Approved Amount: ?10000.0 | Monthly EMI: ?888.49
]]></system-out>
  </testcase>
  <testcase name="testCreditDecision_MediumCreditScore" classname="com.upimesh.loan.service.LoanServiceTest" time="0.011">
    <system-out><![CDATA[23:36:22.130 [main] INFO com.upimesh.loan.service.CreditScoringService -- Evaluating credit decision for score: 700 and requested amount: ?10000.0
]]></system-out>
  </testcase>
  <testcase name="testCreditDecision_HighCreditScore" classname="com.upimesh.loan.service.LoanServiceTest" time="0.012">
    <system-out><![CDATA[23:36:22.146 [main] INFO com.upimesh.loan.service.CreditScoringService -- Evaluating credit decision for score: 800 and requested amount: ?10000.0
]]></system-out>
  </testcase>
</testsuite>