-------------------------------------------------------------------------------
Test set: com.upimesh.payroll.service.PayrollServiceTest
-------------------------------------------------------------------------------
Tests run: 4, Failures: 1, Errors: 0, Skipped: 0, Time elapsed: 4.059 s <<< FAILURE! -- in com.upimesh.payroll.service.PayrollServiceTest
com.upimesh.payroll.service.PayrollServiceTest.testDeductionCalculations_PF_Cap_And_ESI_Threshold -- Time elapsed: 3.740 s <<< FAILURE!
org.opentest4j.AssertionFailedError: expected: <0.00> but was: <0>
	at org.junit.jupiter.api.AssertionFailureBuilder.build(AssertionFailureBuilder.java:151)
	at org.junit.jupiter.api.AssertionFailureBuilder.buildAndThrow(AssertionFailureBuilder.java:132)
	at org.junit.jupiter.api.AssertEquals.failNotEqual(AssertEquals.java:197)
	at org.junit.jupiter.api.AssertEquals.assertEquals(AssertEquals.java:182)
	at org.junit.jupiter.api.AssertEquals.assertEquals(AssertEquals.java:177)
	at org.junit.jupiter.api.Assertions.assertEquals(Assertions.java:1145)
	at com.upimesh.payroll.service.PayrollServiceTest.testDeductionCalculations_PF_Cap_And_ESI_Threshold(PayrollServiceTest.java:88)
	at java.base/java.lang.reflect.Method.invoke(Method.java:569)
	at java.base/java.util.ArrayList.forEach(ArrayList.java:1511)
	at java.base/java.util.ArrayList.forEach(ArrayList.java:1511)

